[00:00:20] [Server thread/INFO]: [Essentials] CONSOLE issued server command: /list 
[00:00:20] [Server thread/INFO]: There are 0 out of maximum 32 players online.
[00:03:27] [Server thread/INFO]: [Essentials] CONSOLE issued server command: /list 
[00:03:27] [Server thread/INFO]: There are 0 out of maximum 32 players online.
[00:06:34] [Server thread/INFO]: [Essentials] CONSOLE issued server command: /list 
[00:06:34] [Server thread/INFO]: There are 0 out of maximum 32 players online.
[00:09:40] [Server thread/INFO]: [Essentials] CONSOLE issued server command: /list 
[00:09:40] [Server thread/INFO]: There are 0 out of maximum 32 players online.
[00:12:47] [Server thread/INFO]: [Essentials] CONSOLE issued server command: /list 
[00:12:47] [Server thread/INFO]: There are 0 out of maximum 32 players online.
[00:15:54] [Server thread/INFO]: [Essentials] CONSOLE issued server command: /list 
[00:15:54] [Server thread/INFO]: There are 0 out of maximum 32 players online.
[00:19:00] [Server thread/INFO]: [Essentials] CONSOLE issued server command: /list 
[00:19:00] [Server thread/INFO]: There are 0 out of maximum 32 players online.
[00:22:07] [Server thread/INFO]: [Essentials] CONSOLE issued server command: /list 
[00:22:07] [Server thread/INFO]: There are 0 out of maximum 32 players online.
[00:25:14] [Server thread/INFO]: [Essentials] CONSOLE issued server command: /list 
[00:25:14] [Server thread/INFO]: There are 0 out of maximum 32 players online.
[00:28:20] [Server thread/INFO]: [Essentials] CONSOLE issued server command: /list 
[00:28:20] [Server thread/INFO]: There are 0 out of maximum 32 players online.
[00:31:27] [Server thread/INFO]: [Essentials] CONSOLE issued server command: /list 
[00:31:27] [Server thread/INFO]: There are 0 out of maximum 32 players online.
[00:34:34] [Server thread/INFO]: [Essentials] CONSOLE issued server command: /list 
[00:34:34] [Server thread/INFO]: There are 0 out of maximum 32 players online.
[00:37:40] [Server thread/INFO]: [Essentials] CONSOLE issued server command: /list 
[00:37:40] [Server thread/INFO]: There are 0 out of maximum 32 players online.
[00:40:47] [Server thread/INFO]: [Essentials] CONSOLE issued server command: /list 
[00:40:47] [Server thread/INFO]: There are 0 out of maximum 32 players online.
[00:43:53] [Server thread/INFO]: [Essentials] CONSOLE issued server command: /list 
[00:43:53] [Server thread/INFO]: There are 0 out of maximum 32 players online.
[00:47:00] [Server thread/INFO]: [Essentials] CONSOLE issued server command: /list 
[00:47:00] [Server thread/INFO]: There are 0 out of maximum 32 players online.
[00:50:07] [Server thread/INFO]: [Essentials] CONSOLE issued server command: /list 
[00:50:07] [Server thread/INFO]: There are 0 out of maximum 32 players online.
[00:53:13] [Server thread/INFO]: [Essentials] CONSOLE issued server command: /list 
[00:53:13] [Server thread/INFO]: There are 0 out of maximum 32 players online.
[00:56:20] [Server thread/INFO]: [Essentials] CONSOLE issued server command: /list 
[00:56:20] [Server thread/INFO]: There are 0 out of maximum 32 players online.
[00:59:27] [Server thread/INFO]: [Essentials] CONSOLE issued server command: /list 
[00:59:27] [Server thread/INFO]: There are 0 out of maximum 32 players online.
[01:02:33] [Server thread/INFO]: [Essentials] CONSOLE issued server command: /list 
[01:02:33] [Server thread/INFO]: There are 0 out of maximum 32 players online.
[01:05:40] [Server thread/INFO]: [Essentials] CONSOLE issued server command: /list 
[01:05:40] [Server thread/INFO]: There are 0 out of maximum 32 players online.
[01:08:47] [Server thread/INFO]: [Essentials] CONSOLE issued server command: /list 
[01:08:47] [Server thread/INFO]: There are 0 out of maximum 32 players online.
[01:11:53] [Server thread/INFO]: [Essentials] CONSOLE issued server command: /list 
[01:11:53] [Server thread/INFO]: There are 0 out of maximum 32 players online.
[01:15:00] [Server thread/INFO]: [Essentials] CONSOLE issued server command: /list 
[01:15:00] [Server thread/INFO]: There are 0 out of maximum 32 players online.
[01:18:07] [Server thread/INFO]: [Essentials] CONSOLE issued server command: /list 
[01:18:07] [Server thread/INFO]: There are 0 out of maximum 32 players online.
[01:21:13] [Server thread/INFO]: [Essentials] CONSOLE issued server command: /list 
[01:21:13] [Server thread/INFO]: There are 0 out of maximum 32 players online.
[01:24:20] [Server thread/INFO]: [Essentials] CONSOLE issued server command: /list 
[01:24:20] [Server thread/INFO]: There are 0 out of maximum 32 players online.
[01:27:27] [Server thread/INFO]: [Essentials] CONSOLE issued server command: /list 
[01:27:27] [Server thread/INFO]: There are 0 out of maximum 32 players online.
[01:30:33] [Server thread/INFO]: [Essentials] CONSOLE issued server command: /list 
[01:30:33] [Server thread/INFO]: There are 0 out of maximum 32 players online.
[01:33:40] [Server thread/INFO]: [Essentials] CONSOLE issued server command: /list 
[01:33:40] [Server thread/INFO]: There are 0 out of maximum 32 players online.
[01:36:47] [Server thread/INFO]: [Essentials] CONSOLE issued server command: /list 
[01:36:47] [Server thread/INFO]: There are 0 out of maximum 32 players online.
[01:39:53] [Server thread/INFO]: [Essentials] CONSOLE issued server command: /list 
[01:39:53] [Server thread/INFO]: There are 0 out of maximum 32 players online.
[01:43:00] [Server thread/INFO]: [Essentials] CONSOLE issued server command: /list 
[01:43:00] [Server thread/INFO]: There are 0 out of maximum 32 players online.
[01:46:06] [Server thread/INFO]: [Essentials] CONSOLE issued server command: /list 
[01:46:06] [Server thread/INFO]: There are 0 out of maximum 32 players online.
[01:49:13] [Server thread/INFO]: [Essentials] CONSOLE issued server command: /list 
[01:49:13] [Server thread/INFO]: There are 0 out of maximum 32 players online.
[01:52:20] [Server thread/INFO]: [Essentials] CONSOLE issued server command: /list 
[01:52:20] [Server thread/INFO]: There are 0 out of maximum 32 players online.
[01:55:26] [Server thread/INFO]: [Essentials] CONSOLE issued server command: /list 
[01:55:26] [Server thread/INFO]: There are 0 out of maximum 32 players online.
[01:58:33] [Server thread/INFO]: [Essentials] CONSOLE issued server command: /list 
[01:58:33] [Server thread/INFO]: There are 0 out of maximum 32 players online.
[02:01:40] [Server thread/INFO]: [Essentials] CONSOLE issued server command: /list 
[02:01:40] [Server thread/INFO]: There are 0 out of maximum 32 players online.
[02:04:46] [Server thread/INFO]: [Essentials] CONSOLE issued server command: /list 
[02:04:46] [Server thread/INFO]: There are 0 out of maximum 32 players online.
[02:07:53] [Server thread/INFO]: [Essentials] CONSOLE issued server command: /list 
[02:07:53] [Server thread/INFO]: There are 0 out of maximum 32 players online.
[02:11:00] [Server thread/INFO]: [Essentials] CONSOLE issued server command: /list 
[02:11:00] [Server thread/INFO]: There are 0 out of maximum 32 players online.
[02:14:06] [Server thread/INFO]: [Essentials] CONSOLE issued server command: /list 
[02:14:06] [Server thread/INFO]: There are 0 out of maximum 32 players online.
[02:17:13] [Server thread/INFO]: [Essentials] CONSOLE issued server command: /list 
[02:17:13] [Server thread/INFO]: There are 0 out of maximum 32 players online.
[02:20:20] [Server thread/INFO]: [Essentials] CONSOLE issued server command: /list 
[02:20:20] [Server thread/INFO]: There are 0 out of maximum 32 players online.
[02:23:26] [Server thread/INFO]: [Essentials] CONSOLE issued server command: /list 
[02:23:26] [Server thread/INFO]: There are 0 out of maximum 32 players online.
[02:26:33] [Server thread/INFO]: [Essentials] CONSOLE issued server command: /list 
[02:26:33] [Server thread/INFO]: There are 0 out of maximum 32 players online.
[02:29:40] [Server thread/INFO]: [Essentials] CONSOLE issued server command: /list 
[02:29:40] [Server thread/INFO]: There are 0 out of maximum 32 players online.
[02:32:46] [Server thread/INFO]: [Essentials] CONSOLE issued server command: /list 
[02:32:46] [Server thread/INFO]: There are 0 out of maximum 32 players online.
[02:35:53] [Server thread/INFO]: [Essentials] CONSOLE issued server command: /list 
[02:35:53] [Server thread/INFO]: There are 0 out of maximum 32 players online.
[02:39:00] [Server thread/INFO]: [Essentials] CONSOLE issued server command: /list 
[02:39:00] [Server thread/INFO]: There are 0 out of maximum 32 players online.
[02:42:06] [Server thread/INFO]: [Essentials] CONSOLE issued server command: /list 
[02:42:06] [Server thread/INFO]: There are 0 out of maximum 32 players online.
[02:45:13] [Server thread/INFO]: [Essentials] CONSOLE issued server command: /list 
[02:45:13] [Server thread/INFO]: There are 0 out of maximum 32 players online.
[02:48:20] [Server thread/INFO]: [Essentials] CONSOLE issued server command: /list 
[02:48:20] [Server thread/INFO]: There are 0 out of maximum 32 players online.
[02:51:26] [Server thread/INFO]: [Essentials] CONSOLE issued server command: /list 
[02:51:26] [Server thread/INFO]: There are 0 out of maximum 32 players online.
[02:54:33] [Server thread/INFO]: [Essentials] CONSOLE issued server command: /list 
[02:54:33] [Server thread/INFO]: There are 0 out of maximum 32 players online.
[02:57:39] [Server thread/INFO]: [Essentials] CONSOLE issued server command: /list 
[02:57:39] [Server thread/INFO]: There are 0 out of maximum 32 players online.
[03:00:46] [Server thread/INFO]: [Essentials] CONSOLE issued server command: /list 
[03:00:46] [Server thread/INFO]: There are 0 out of maximum 32 players online.
[03:03:53] [Server thread/INFO]: [Essentials] CONSOLE issued server command: /list 
[03:03:53] [Server thread/INFO]: There are 0 out of maximum 32 players online.
[03:06:59] [Server thread/INFO]: [Essentials] CONSOLE issued server command: /list 
[03:06:59] [Server thread/INFO]: There are 0 out of maximum 32 players online.
[03:10:06] [Server thread/INFO]: [Essentials] CONSOLE issued server command: /list 
[03:10:06] [Server thread/INFO]: There are 0 out of maximum 32 players online.
[03:13:13] [Server thread/INFO]: [Essentials] CONSOLE issued server command: /list 
[03:13:13] [Server thread/INFO]: There are 0 out of maximum 32 players online.
[03:16:19] [Server thread/INFO]: [Essentials] CONSOLE issued server command: /list 
[03:16:19] [Server thread/INFO]: There are 0 out of maximum 32 players online.
[03:19:26] [Server thread/INFO]: [Essentials] CONSOLE issued server command: /list 
[03:19:26] [Server thread/INFO]: There are 0 out of maximum 32 players online.
[03:22:33] [Server thread/INFO]: [Essentials] CONSOLE issued server command: /list 
[03:22:33] [Server thread/INFO]: There are 0 out of maximum 32 players online.
[03:25:39] [Server thread/INFO]: [Essentials] CONSOLE issued server command: /list 
[03:25:39] [Server thread/INFO]: There are 0 out of maximum 32 players online.
[03:28:46] [Server thread/INFO]: [Essentials] CONSOLE issued server command: /list 
[03:28:46] [Server thread/INFO]: There are 0 out of maximum 32 players online.
[03:31:53] [Server thread/INFO]: [Essentials] CONSOLE issued server command: /list 
[03:31:53] [Server thread/INFO]: There are 0 out of maximum 32 players online.
[03:34:59] [Server thread/INFO]: [Essentials] CONSOLE issued server command: /list 
[03:34:59] [Server thread/INFO]: There are 0 out of maximum 32 players online.
[03:38:06] [Server thread/INFO]: [Essentials] CONSOLE issued server command: /list 
[03:38:06] [Server thread/INFO]: There are 0 out of maximum 32 players online.
[03:41:13] [Server thread/INFO]: [Essentials] CONSOLE issued server command: /list 
[03:41:13] [Server thread/INFO]: There are 0 out of maximum 32 players online.
[03:44:19] [Server thread/INFO]: [Essentials] CONSOLE issued server command: /list 
[03:44:19] [Server thread/INFO]: There are 0 out of maximum 32 players online.
[03:47:26] [Server thread/INFO]: [Essentials] CONSOLE issued server command: /list 
[03:47:26] [Server thread/INFO]: There are 0 out of maximum 32 players online.
[03:50:33] [Server thread/INFO]: [Essentials] CONSOLE issued server command: /list 
[03:50:33] [Server thread/INFO]: There are 0 out of maximum 32 players online.
[03:53:39] [Server thread/INFO]: [Essentials] CONSOLE issued server command: /list 
[03:53:39] [Server thread/INFO]: There are 0 out of maximum 32 players online.
[03:56:46] [Server thread/INFO]: [Essentials] CONSOLE issued server command: /list 
[03:56:46] [Server thread/INFO]: There are 0 out of maximum 32 players online.
[03:59:52] [Server thread/INFO]: [Essentials] CONSOLE issued server command: /list 
[03:59:52] [Server thread/INFO]: There are 0 out of maximum 32 players online.
[04:02:59] [Server thread/INFO]: [Essentials] CONSOLE issued server command: /list 
[04:02:59] [Server thread/INFO]: There are 0 out of maximum 32 players online.
[04:06:06] [Server thread/INFO]: [Essentials] CONSOLE issued server command: /list 
[04:06:06] [Server thread/INFO]: There are 0 out of maximum 32 players online.
[04:08:45] [Server thread/INFO]: Saving the game (this may take a moment!)
[04:08:45] [Server thread/INFO]: Saved the game
[04:08:45] [Server thread/INFO]: Stopping the server
[04:08:46] [Server thread/INFO]: Stopping server
[04:08:46] [Server thread/INFO]: [Citizens] Disabling Citizens v2.0.36-SNAPSHOT (build 3642)
[04:08:46] [Server thread/INFO]: [TitleManager] Disabling TitleManager v2.3.6
[04:08:46] [Server thread/INFO]: [CoreProtect] Disabling CoreProtect v22.4
[04:08:46] [Server thread/INFO]: [CoreProtect] Finishing up data logging. Please wait...
[04:08:46] [Server thread/INFO]: [CoreProtect] Success! Disabled CoreProtect v22.4
[04:08:46] [Server thread/INFO]: [WorldGuard] Disabling WorldGuard v7.0.12+829a4a4
[04:08:46] [Server thread/INFO]: [WorldGuard] Shutting down executor and cancelling any pending tasks...
[04:08:46] [Server thread/INFO]: [EssentialsSpawn] Disabling EssentialsSpawn v2.20.1
[04:08:46] [Server thread/INFO]: [TAB] Disabling TAB v5.0.3
[04:08:46] [Server thread/INFO]: [TAB] Disabled in 0ms
[04:08:46] [Server thread/INFO]: [Parkour] Disabling Parkour v7.2.3
[04:08:46] [Server thread/INFO]: [PlaceholderAPI] Unregistered placeholder expansion parkour
[04:08:46] [Server thread/INFO]: [PlaceholderAPI] Reason: required plugin Parkour was disabled.
[04:08:46] [Server thread/INFO]: [Parkour] Disabled Parkour v7.2.3
[04:08:46] [Server thread/INFO]: [EssentialsChat] Disabling EssentialsChat v2.20.1
[04:08:46] [Server thread/INFO]: [Essentials] Disabling Essentials v2.20.1
[04:08:46] [Server thread/INFO]: [IP] Disabling IP v5.3.1
[04:08:46] [Server thread/WARN]: [Multiverse-Core] Hmm Multiverse does not know about this world but it's loaded in memory.
[04:08:46] [Server thread/WARN]: [Multiverse-Core] To let Multiverse know about it, use:
[04:08:46] [Server thread/WARN]: [Multiverse-Core] /mv import witp NORMAL
[04:08:46] [Server thread/INFO]: [ChunkHolderManager] Waiting 60s for chunk system to halt for world 'witp'
[04:08:46] [Server thread/INFO]: [ChunkHolderManager] Halted chunk system for world 'witp'
[04:08:46] [Server thread/INFO]: [ChunkHolderManager] Waiting 60s for chunk I/O to halt for world 'witp'
[04:08:46] [Server thread/INFO]: [ChunkHolderManager] Halted I/O scheduler for world 'witp'
[04:08:46] [Server thread/INFO]: [WorldEdit] Disabling WorldEdit v7.3.9+6959-7adf70b
[04:08:46] [Server thread/INFO]: Unregistering com.sk89q.worldedit.bukkit.BukkitServerInterface from WorldEdit
[04:08:46] [Server thread/INFO]: [Multiverse-Core] Disabling Multiverse-Core v4.3.14
[04:08:46] [Server thread/INFO]: [Vault] Disabling Vault v2.9.0
[04:08:46] [Server thread/INFO]: [ServerListPlus] Disabling ServerListPlus v3.5.0
[04:08:46] [Server thread/INFO]: [ServerListPlus] ServerListPlus v3.5.0 disabled.
[04:08:46] [Server thread/INFO]: [DecentHolograms] Disabling DecentHolograms v2.8.12
[04:08:46] [Server thread/INFO]: [LuckPerms] Disabling LuckPerms v5.4.152
[04:08:46] [Server thread/INFO]: [LuckPerms] Starting shutdown process...
[04:08:46] [Server thread/INFO]: [LuckPerms] Closing storage...
[04:08:46] [Server thread/INFO]: [LuckPerms] Goodbye!
[04:08:46] [Server thread/INFO]: [ViaRewind] Disabling ViaRewind v4.0.4
[04:08:46] [Server thread/INFO]: [ProtocolLib] Disabling ProtocolLib v5.3.0
[04:08:46] [Server thread/INFO]: [ViaBackwards] Disabling ViaBackwards v5.2.1
[04:08:46] [Server thread/INFO]: [ViaVersion] Disabling ViaVersion v5.2.1
[04:08:46] [Server thread/INFO]: [ViaVersion] ViaVersion has been disabled; uninjected the platform and shut down the scheduler.
[04:08:46] [Server thread/INFO]: [BountifulAPI] Disabling BountifulAPI v1.6.4
[04:08:46] [Server thread/INFO]: [PlaceholderAPI] Disabling PlaceholderAPI v2.11.6
[04:08:46] [Server thread/INFO]: Saving players
[04:08:47] [Server thread/INFO]: Saving worlds
[04:08:47] [Server thread/INFO]: Saving chunks for level 'ServerLevel[spawn]'/minecraft:overworld
[04:08:47] [Server thread/INFO]: [ChunkHolderManager] Waiting 60s for chunk system to halt for world 'spawn'
[04:08:47] [Server thread/INFO]: [ChunkHolderManager] Halted chunk system for world 'spawn'
[04:08:47] [Server thread/INFO]: [ChunkHolderManager] Saving all chunkholders for world 'spawn'
[04:08:47] [Server thread/INFO]: [ChunkHolderManager] Saved 0 block chunks, 0 entity chunks, 0 poi chunks in world 'spawn' in 0.00s
[04:08:47] [Server thread/INFO]: [ChunkHolderManager] Waiting 60s for chunk I/O to halt for world 'spawn'
[04:08:47] [Server thread/INFO]: [ChunkHolderManager] Halted I/O scheduler for world 'spawn'
[04:08:47] [Server thread/INFO]: Saving chunks for level 'ServerLevel[Straight_Parkour]'/minecraft:straight_parkour
[04:08:47] [Server thread/INFO]: [ChunkHolderManager] Waiting 60s for chunk system to halt for world 'Straight_Parkour'
[04:08:47] [Server thread/INFO]: [ChunkHolderManager] Halted chunk system for world 'Straight_Parkour'
[04:08:47] [Server thread/INFO]: [ChunkHolderManager] Saving all chunkholders for world 'Straight_Parkour'
[04:08:47] [Server thread/INFO]: [ChunkHolderManager] Saved 0 block chunks, 2 entity chunks, 0 poi chunks in world 'Straight_Parkour' in 0.00s
[04:08:47] [Server thread/INFO]: [ChunkHolderManager] Waiting 60s for chunk I/O to halt for world 'Straight_Parkour'
[04:08:47] [Server thread/INFO]: [ChunkHolderManager] Halted I/O scheduler for world 'Straight_Parkour'
[04:08:47] [Server thread/INFO]: ThreadedAnvilChunkStorage (spawn): All chunks are saved
[04:08:47] [Server thread/INFO]: ThreadedAnvilChunkStorage (Straight_Parkour): All chunks are saved
[04:08:47] [Server thread/INFO]: ThreadedAnvilChunkStorage: All dimensions are saved
[04:08:47] [Server thread/INFO]: Waiting for I/O tasks to complete...
[04:08:47] [Server thread/INFO]: All I/O tasks to complete
[04:08:47] [Server thread/INFO]: [MoonriseCommon] Awaiting termination of worker pool for up to 60s...
[04:08:47] [Server thread/INFO]: [MoonriseCommon] Awaiting termination of I/O pool for up to 60s...
